#
# A fatal error has been detected by the Java Runtime Environment:
#
#  SIGSEGV (0xb) at pc=0x00007fec6f7bb31e, pid=7157, tid=7176
#
# JRE version: OpenJDK Runtime Environment (11.0.11+9) (build 11.0.11+9-Ubuntu-0ubuntu2)
# Java VM: OpenJDK 64-Bit Server VM (11.0.11+9-Ubuntu-0ubuntu2, mixed mode, sharing, tiered, compressed oops, g1 gc, linux-amd64)
# Problematic frame:
# C  [libjimage.so+0x331e]
#
# Core dump will be written. Default location: Core dumps may be processed with "/usr/share/apport/apport %p %s %c %d %P %E" (or dumping to /home/rico/Documentos/grupo_antartyca/proyecto_final/backend/dir/UniversidadAntartyca/core.7157)
#
# If you would like to submit a bug report, please visit:
#   https://bugs.launchpad.net/ubuntu/+source/openjdk-lts
#

---------------  S U M M A R Y ------------

Command Line: -agentlib:jdwp=transport=dt_socket,suspend=y,address=localhost:44395 -Dcom.sun.management.jmxremote -Dcom.sun.management.jmxremote.port=39177 -Dcom.sun.management.jmxremote.authenticate=false -Dcom.sun.management.jmxremote.ssl=false -Djava.rmi.server.hostname=localhost -Dspring.jmx.enabled=true -Dspring.application.admin.enabled=true -Djava.security.egd=file:/dev/./urandom -XX:TieredStopAtLevel=1 -Dspring.boot.project.name=UniversidadAntartyca -javaagent:/home/rico/Documentos/grupo_antartyca/proyecto_final/backend/spring-tool-suite/sts-4.12.0.RELEASE/configuration/org.eclipse.osgi/254/0/.cp/lib/javaagent-shaded.jar -Dfile.encoding=UTF-8 com.uniantartyca.UniversidadAntartycaApplication --spring.output.ansi.enabled=always

Host: Intel(R) Core(TM) i5-2320 CPU @ 3.00GHz, 4 cores, 7G, Pop!_OS 21.04
Time: Wed Nov 17 12:10:18 2021 CET elapsed time: 4162.487740 seconds (0d 1h 9m 22s)

---------------  T H R E A D  ---------------

Current thread (0x00007fec6817a800):  JavaThread "Signal Dispatcher" daemon [_thread_in_vm, id=7176, stack(0x00007fec50371000,0x00007fec50472000)]

Stack: [0x00007fec50371000,0x00007fec50472000],  sp=0x00007fec5046f170,  free space=1016k
Native frames: (J=compiled Java code, A=aot compiled Java code, j=interpreted, Vv=VM code, C=native code)
C  [libjimage.so+0x331e]
C  [libjimage.so+0x3fd2]
C  [libjimage.so+0x44d1]  JIMAGE_FindResource+0xf1
V  [libjvm.so+0x5af541]
V  [libjvm.so+0x5b1da1]
V